2025-04-03 00:42:23,996 - INFO - Loading data files...
2025-04-03 00:42:24,099 - INFO - All data files loaded successfully
2025-04-03 00:42:24,099 - INFO - Validating data...
2025-04-03 00:42:24,100 - INFO - Validating macro dataset with columns: ['Date', 'Eurozone GDP Growth', 'CPI_Inflation_YoY', 'Core_CPI', 'Eurozone_Unemployment', 'Industrial_Production', 'Retail_Sales', 'M3_Money_Supply']
2025-04-03 00:42:24,100 - INFO - Required columns for macro: ['Date', 'Eurozone GDP Growth', 'CPI_Inflation_YoY', 'Core_CPI']
2025-04-03 00:42:24,101 - INFO - Numeric columns in macro: ['Eurozone GDP Growth', 'CPI_Inflation_YoY', 'Core_CPI', 'Eurozone_Unemployment', 'Industrial_Production', 'Retail_Sales', 'M3_Money_Supply']
2025-04-03 00:42:24,101 - INFO - Data validation passed for macro
2025-04-03 00:42:24,102 - INFO - Validating market dataset with columns: ['Dates', 'EURUSD Exchange rate', 'ECBRateFutures', 'EuroStoxx 50 (Equity Markets)']
2025-04-03 00:42:24,102 - INFO - Required columns for market: ['Dates', 'ECBRateFutures', 'EURUSD Exchange rate', 'EuroStoxx 50 (Equity Markets)']
2025-04-03 00:42:24,103 - INFO - Numeric columns in market: ['EURUSD Exchange rate', 'ECBRateFutures', 'EuroStoxx 50 (Equity Markets)']
2025-04-03 00:42:24,103 - INFO - Data validation passed for market
2025-04-03 00:42:24,103 - INFO - Validating bonds dataset with columns: ['Dates', '10Y', '2Y', '5Y', '1Y']
2025-04-03 00:42:24,104 - INFO - Required columns for bonds: ['Dates', '10Y', '2Y', '5Y', '1Y']
2025-04-03 00:42:24,105 - INFO - Numeric columns in bonds: ['10Y', '2Y', '5Y', '1Y']
2025-04-03 00:42:24,106 - INFO - Data validation passed for bonds
2025-04-03 00:42:24,109 - INFO - Validating oil dataset with columns: ['Dates', 'Brent Oil Price']
2025-04-03 00:42:24,110 - INFO - Required columns for oil: ['Dates', 'Brent Oil Price']
2025-04-03 00:42:24,111 - INFO - Numeric columns in oil: ['Brent Oil Price']
2025-04-03 00:42:24,111 - INFO - Data validation passed for oil
2025-04-03 00:42:24,112 - INFO - Validating fed dataset with columns: ['Dates', 'Fed_Fund_Rate']
2025-04-03 00:42:24,112 - INFO - Required columns for fed: ['Dates', 'Fed_Fund_Rate']
2025-04-03 00:42:24,116 - INFO - Numeric columns in fed: ['Fed_Fund_Rate']
2025-04-03 00:42:24,117 - INFO - Data validation passed for fed
2025-04-03 00:42:24,118 - INFO - Validating gpr dataset with columns: ['month', 'GPR', 'GPRC_DEU', 'GPRHC_USA', 'Date']
2025-04-03 00:42:24,118 - INFO - Required columns for gpr: ['Date', 'GPR', 'GPRC_DEU', 'GPRHC_USA']
2025-04-03 00:42:24,119 - INFO - Numeric columns in gpr: ['GPR', 'GPRC_DEU', 'GPRHC_USA']
2025-04-03 00:42:24,119 - INFO - Data validation passed for gpr
2025-04-03 00:42:24,120 - INFO - Handling missing data...
2025-04-03 00:42:24,128 - INFO - Missing data handled for macro
2025-04-03 00:42:24,132 - INFO - Missing data handled for market
2025-04-03 00:42:24,135 - INFO - Missing data handled for bonds
2025-04-03 00:42:24,138 - INFO - Missing data handled for oil
2025-04-03 00:42:24,141 - INFO - Missing data handled for fed
2025-04-03 00:42:24,147 - INFO - Missing data handled for gpr
2025-04-03 00:42:24,148 - INFO - Creating yield curve features...
2025-04-03 00:42:24,152 - INFO - Yield curve features created successfully
2025-04-03 00:42:24,152 - INFO - Creating economic indicators...
2025-04-03 00:42:24,166 - INFO - Economic indicators created successfully
2025-04-03 00:42:24,166 - INFO - Creating market indicators...
2025-04-03 00:42:24,171 - INFO - Market indicators created successfully
2025-04-03 00:42:24,172 - INFO - Creating policy indicators...
2025-04-03 00:42:24,178 - INFO - Policy indicators created successfully
2025-04-03 00:42:24,179 - INFO - Creating lag features...
2025-04-03 00:42:24,195 - INFO - Lag features created successfully
2025-04-03 00:42:24,196 - INFO - Cleaning data...
2025-04-03 00:42:24,223 - INFO - Scaled M3_Money_Supply to millions for easier handling
2025-04-03 00:42:24,228 - INFO - Data cleaned for macro
2025-04-03 00:42:24,244 - INFO - Data cleaned for market
2025-04-03 00:42:24,247 - INFO - Data cleaned for bonds
2025-04-03 00:42:24,250 - INFO - Data cleaned for oil
2025-04-03 00:42:24,252 - INFO - Data cleaned for fed
2025-04-03 00:42:24,254 - INFO - Data cleaned for gpr
2025-04-03 00:42:24,255 - INFO - Validating cleaned data...
2025-04-03 00:42:24,263 - INFO - Clean data validation passed for macro
2025-04-03 00:42:24,288 - INFO - Clean data validation passed for market
2025-04-03 00:42:24,295 - INFO - Clean data validation passed for bonds
2025-04-03 00:42:24,303 - INFO - Clean data validation passed for oil
2025-04-03 00:42:24,306 - INFO - Clean data validation passed for fed
2025-04-03 00:42:24,311 - INFO - Clean data validation passed for gpr
2025-04-03 00:42:24,311 - INFO - Normalizing data...
2025-04-03 00:42:24,356 - INFO - Data normalization completed
2025-04-03 00:42:24,357 - INFO - Combining datasets...
2025-04-03 00:42:24,522 - INFO - Datasets combined successfully
2025-04-03 00:42:25,077 - INFO - Processed data saved to Processed_Data\processed_data.csv
2025-04-03 00:42:25,077 - INFO - Preprocessing pipeline completed successfully
